<?xml version="1.0" encoding="UTF-8"?>
<testsuites name="TS" time="55.248" tests="5" failures="0" errors="0">
   <testsuite name="TS" tests="5" failures="0" errors="0" time="55.248" timestamp="2020-10-13 14:03:19" hostname="huy - DESKTOP-2D1HBRQ" id="Test Suites/TS">
      <properties>
         <property name="deviceName" value=""/>
         <property name="devicePlatform" value=""/>
         <property name="logFolder" value="E:\\Software_Testing_Lab1-9\\Lab 1 5 testcase\\Reports\\20201013_140312\\TS\\20201013_140312"/>
         <property name="logFiles" value="E:\\Software_Testing_Lab1-9\\Lab 1 5 testcase\\Reports\\20201013_140312\\TS\\20201013_140312\\execution0.log"/>
         <property name="attachments" value=""/>
         <property name="hostName" value="huy - DESKTOP-2D1HBRQ"/>
         <property name="os" value="Windows 10 64bit"/>
         <property name="katalonVersion" value="7.7.1.205"/>
         <property name="browser" value="Chrome 86.0.4240.75"/>
         <property name="hostAddress" value="192.168.1.9"/>
         <property name="sessionId" value="e42269b94860222a5931b456c1463057"/>
         <property name="seleniumVersion" value="3.141.59"/>
         <property name="proxyInformation" value="ProxyInformation { proxyOption=NO_PROXY, proxyServerType=HTTP, username=, password=********, proxyServerAddress=, proxyServerPort=0, executionList=&quot;&quot;, isApplyToDesiredCapabilities=true }"/>
         <property name="platform" value="Windows 10"/>
      </properties>
      <testcase name="Test Cases/TC1" time="13.254" classname="Test Cases/TC1" status="PASSED">
         <system-out><![CDATA[2020-10-13 14:03:19 - [TEST_CASE][PASSED] - Test Cases/TC1: Test Cases/TC1

2020-10-13 14:03:20 - [TEST_STEP][PASSED] - openBrowser(""): Browser is opened with url: ''

2020-10-13 14:03:20 - [MESSAGE][INFO] - Starting 'Chrome' driver

2020-10-13 14:03:20 - [MESSAGE][INFO] - User set preference: ['property', '"C:\Program Files\Google\Chrome\Application\chrome.exe"']

2020-10-13 14:03:20 - [MESSAGE][INFO] - Action delay is set to 0 milliseconds

2020-10-13 14:03:25 - [MESSAGE][PASSED] - Browser is opened with url: ''

2020-10-13 14:03:25 - [TEST_STEP][PASSED] - navigateToUrl("https://katalon-demo-cura.herokuapp.com/profile.php#login"): Navigate to 'https://katalon-demo-cura.herokuapp.com/profile.php#login' successfully

2020-10-13 14:03:28 - [MESSAGE][PASSED] - Navigate to 'https://katalon-demo-cura.herokuapp.com/profile.php#login' successfully

2020-10-13 14:03:28 - [TEST_STEP][PASSED] - click(findTestObject("Object Repository/Page_CURA Healthcare Service/input_Username_username")): Object: 'Object Repository/Page_CURA Healthcare Service/input_Username_username' is clicked on

2020-10-13 14:03:28 - [MESSAGE][PASSED] - Object: 'Object Repository/Page_CURA Healthcare Service/input_Username_username' is clicked on

2020-10-13 14:03:28 - [TEST_STEP][PASSED] - setText(findTestObject("Object Repository/Page_CURA Healthcare Service/input_Username_username"), "John Doe"): Text 'John Doe' is set on object 'Object Repository/Page_CURA Healthcare Service/input_Username_username'

2020-10-13 14:03:29 - [MESSAGE][PASSED] - Text 'John Doe' is set on object 'Object Repository/Page_CURA Healthcare Service/input_Username_username'

2020-10-13 14:03:29 - [TEST_STEP][PASSED] - setEncryptedText(findTestObject("Object Repository/Page_CURA Healthcare Service/input_Password_password"), "g3/DOGG74jC3Flrr3yH+3D/yKbOqqUNM"): Text ****** has been set on object 'Object Repository/Page_CURA Healthcare Service/input_Password_password'

2020-10-13 14:03:30 - [MESSAGE][PASSED] - Text ****** has been set on object 'Object Repository/Page_CURA Healthcare Service/input_Password_password'

2020-10-13 14:03:30 - [TEST_STEP][PASSED] - click(findTestObject("Object Repository/Page_CURA Healthcare Service/button_Login")): Object: 'Object Repository/Page_CURA Healthcare Service/button_Login' is clicked on

2020-10-13 14:03:31 - [MESSAGE][PASSED] - Object: 'Object Repository/Page_CURA Healthcare Service/button_Login' is clicked on

2020-10-13 14:03:31 - [TEST_STEP][PASSED] - click(findTestObject("Object Repository/Page_CURA Healthcare Service/i_CURA Healthcare_fa fa-bars")): Object: 'Object Repository/Page_CURA Healthcare Service/i_CURA Healthcare_fa fa-bars' is clicked on

2020-10-13 14:03:31 - [MESSAGE][PASSED] - Object: 'Object Repository/Page_CURA Healthcare Service/i_CURA Healthcare_fa fa-bars' is clicked on

2020-10-13 14:03:31 - [TEST_STEP][PASSED] - click(findTestObject("Object Repository/Page_CURA Healthcare Service/a_Logout")): Object: 'Object Repository/Page_CURA Healthcare Service/a_Logout' is clicked on

2020-10-13 14:03:32 - [MESSAGE][PASSED] - Object: 'Object Repository/Page_CURA Healthcare Service/a_Logout' is clicked on

2020-10-13 14:03:32 - [TEST_STEP][PASSED] - closeBrowser(): Browser is closed

2020-10-13 14:03:33 - [MESSAGE][PASSED] - Browser is closed]]></system-out>
         <system-err><![CDATA[]]></system-err>
      </testcase>
      <testcase name="Test Cases/TC2" time="11.031" classname="Test Cases/TC2" status="PASSED">
         <system-out><![CDATA[2020-10-13 14:03:33 - [TEST_CASE][PASSED] - Test Cases/TC2: Test Cases/TC2

2020-10-13 14:03:33 - [TEST_STEP][PASSED] - openBrowser(""): Browser is opened with url: ''

2020-10-13 14:03:33 - [MESSAGE][INFO] - Starting 'Chrome' driver

2020-10-13 14:03:33 - [MESSAGE][INFO] - User set preference: ['property', '"C:\Program Files\Google\Chrome\Application\chrome.exe"']

2020-10-13 14:03:33 - [MESSAGE][INFO] - Action delay is set to 0 milliseconds

2020-10-13 14:03:37 - [MESSAGE][PASSED] - Browser is opened with url: ''

2020-10-13 14:03:37 - [TEST_STEP][PASSED] - navigateToUrl("https://katalon-demo-cura.herokuapp.com/profile.php#login"): Navigate to 'https://katalon-demo-cura.herokuapp.com/profile.php#login' successfully

2020-10-13 14:03:40 - [MESSAGE][PASSED] - Navigate to 'https://katalon-demo-cura.herokuapp.com/profile.php#login' successfully

2020-10-13 14:03:40 - [TEST_STEP][PASSED] - setText(findTestObject("Object Repository/Page_CURA Healthcare Service/input_Username_username"), "John Doe"): Text 'John Doe' is set on object 'Object Repository/Page_CURA Healthcare Service/input_Username_username'

2020-10-13 14:03:41 - [MESSAGE][PASSED] - Text 'John Doe' is set on object 'Object Repository/Page_CURA Healthcare Service/input_Username_username'

2020-10-13 14:03:41 - [TEST_STEP][PASSED] - setEncryptedText(findTestObject("Object Repository/Page_CURA Healthcare Service/input_Password_password"), "km+GcSfnpVC+8FRYf7Kr7g=="): Text ****** has been set on object 'Object Repository/Page_CURA Healthcare Service/input_Password_password'

2020-10-13 14:03:42 - [MESSAGE][PASSED] - Text ****** has been set on object 'Object Repository/Page_CURA Healthcare Service/input_Password_password'

2020-10-13 14:03:42 - [TEST_STEP][PASSED] - click(findTestObject("Object Repository/Page_CURA Healthcare Service/button_Login")): Object: 'Object Repository/Page_CURA Healthcare Service/button_Login' is clicked on

2020-10-13 14:03:43 - [MESSAGE][PASSED] - Object: 'Object Repository/Page_CURA Healthcare Service/button_Login' is clicked on

2020-10-13 14:03:43 - [TEST_STEP][PASSED] - verifyTextPresent("Login failed! Please ensure the username and password are valid.", false): Text 'Login failed! Please ensure the username and password are valid.' is present on page 

2020-10-13 14:03:43 - [MESSAGE][PASSED] - Text 'Login failed! Please ensure the username and password are valid.' is present on page 

2020-10-13 14:03:43 - [TEST_STEP][PASSED] - closeBrowser(): Browser is closed

2020-10-13 14:03:44 - [MESSAGE][PASSED] - Browser is closed]]></system-out>
         <system-err><![CDATA[]]></system-err>
      </testcase>
      <testcase name="Test Cases/TC3" time="11.01" classname="Test Cases/TC3" status="PASSED">
         <system-out><![CDATA[2020-10-13 14:03:44 - [TEST_CASE][PASSED] - Test Cases/TC3: Test Cases/TC3

2020-10-13 14:03:44 - [TEST_STEP][PASSED] - openBrowser(""): Browser is opened with url: ''

2020-10-13 14:03:44 - [MESSAGE][INFO] - Starting 'Chrome' driver

2020-10-13 14:03:44 - [MESSAGE][INFO] - User set preference: ['property', '"C:\Program Files\Google\Chrome\Application\chrome.exe"']

2020-10-13 14:03:44 - [MESSAGE][INFO] - Action delay is set to 0 milliseconds

2020-10-13 14:03:48 - [MESSAGE][PASSED] - Browser is opened with url: ''

2020-10-13 14:03:48 - [TEST_STEP][PASSED] - navigateToUrl("https://katalon-demo-cura.herokuapp.com/profile.php#login"): Navigate to 'https://katalon-demo-cura.herokuapp.com/profile.php#login' successfully

2020-10-13 14:03:51 - [MESSAGE][PASSED] - Navigate to 'https://katalon-demo-cura.herokuapp.com/profile.php#login' successfully

2020-10-13 14:03:51 - [TEST_STEP][PASSED] - setText(findTestObject("Object Repository/Page_CURA Healthcare Service/input_Username_username"), "John Doe"): Text 'John Doe' is set on object 'Object Repository/Page_CURA Healthcare Service/input_Username_username'

2020-10-13 14:03:52 - [MESSAGE][PASSED] - Text 'John Doe' is set on object 'Object Repository/Page_CURA Healthcare Service/input_Username_username'

2020-10-13 14:03:52 - [TEST_STEP][PASSED] - click(findTestObject("Object Repository/Page_CURA Healthcare Service/button_Login")): Object: 'Object Repository/Page_CURA Healthcare Service/button_Login' is clicked on

2020-10-13 14:03:54 - [MESSAGE][PASSED] - Object: 'Object Repository/Page_CURA Healthcare Service/button_Login' is clicked on

2020-10-13 14:03:54 - [TEST_STEP][PASSED] - verifyTextPresent("Login failed! Please ensure the username and password are valid.", false): Text 'Login failed! Please ensure the username and password are valid.' is present on page 

2020-10-13 14:03:54 - [MESSAGE][PASSED] - Text 'Login failed! Please ensure the username and password are valid.' is present on page 

2020-10-13 14:03:54 - [TEST_STEP][PASSED] - closeBrowser(): Browser is closed

2020-10-13 14:03:55 - [MESSAGE][PASSED] - Browser is closed]]></system-out>
         <system-err><![CDATA[]]></system-err>
      </testcase>
      <testcase name="Test Cases/TC4" time="10.032" classname="Test Cases/TC4" status="PASSED">
         <system-out><![CDATA[2020-10-13 14:03:55 - [TEST_CASE][PASSED] - Test Cases/TC4: Test Cases/TC4

2020-10-13 14:03:55 - [TEST_STEP][PASSED] - openBrowser(""): Browser is opened with url: ''

2020-10-13 14:03:55 - [MESSAGE][INFO] - Starting 'Chrome' driver

2020-10-13 14:03:55 - [MESSAGE][INFO] - User set preference: ['property', '"C:\Program Files\Google\Chrome\Application\chrome.exe"']

2020-10-13 14:03:55 - [MESSAGE][INFO] - Action delay is set to 0 milliseconds

2020-10-13 14:03:58 - [MESSAGE][PASSED] - Browser is opened with url: ''

2020-10-13 14:03:58 - [TEST_STEP][PASSED] - navigateToUrl("https://katalon-demo-cura.herokuapp.com/profile.php#login"): Navigate to 'https://katalon-demo-cura.herokuapp.com/profile.php#login' successfully

2020-10-13 14:04:02 - [MESSAGE][PASSED] - Navigate to 'https://katalon-demo-cura.herokuapp.com/profile.php#login' successfully

2020-10-13 14:04:02 - [TEST_STEP][PASSED] - setEncryptedText(findTestObject("Object Repository/Page_CURA Healthcare Service/input_Password_password"), "km+GcSfnpVC+8FRYf7Kr7g=="): Text ****** has been set on object 'Object Repository/Page_CURA Healthcare Service/input_Password_password'

2020-10-13 14:04:03 - [MESSAGE][PASSED] - Text ****** has been set on object 'Object Repository/Page_CURA Healthcare Service/input_Password_password'

2020-10-13 14:04:03 - [TEST_STEP][PASSED] - click(findTestObject("Object Repository/Page_CURA Healthcare Service/button_Login")): Object: 'Object Repository/Page_CURA Healthcare Service/button_Login' is clicked on

2020-10-13 14:04:04 - [MESSAGE][PASSED] - Object: 'Object Repository/Page_CURA Healthcare Service/button_Login' is clicked on

2020-10-13 14:04:04 - [TEST_STEP][PASSED] - verifyTextPresent("Login failed! Please ensure the username and password are valid.", false): Text 'Login failed! Please ensure the username and password are valid.' is present on page 

2020-10-13 14:04:04 - [MESSAGE][PASSED] - Text 'Login failed! Please ensure the username and password are valid.' is present on page 

2020-10-13 14:04:04 - [TEST_STEP][PASSED] - closeBrowser(): Browser is closed

2020-10-13 14:04:05 - [MESSAGE][PASSED] - Browser is closed]]></system-out>
         <system-err><![CDATA[]]></system-err>
      </testcase>
      <testcase name="Test Cases/TC5" time="9.129" classname="Test Cases/TC5" status="PASSED">
         <system-out><![CDATA[2020-10-13 14:04:05 - [TEST_CASE][PASSED] - Test Cases/TC5: Test Cases/TC5

2020-10-13 14:04:05 - [TEST_STEP][PASSED] - openBrowser(""): Browser is opened with url: ''

2020-10-13 14:04:05 - [MESSAGE][INFO] - Starting 'Chrome' driver

2020-10-13 14:04:05 - [MESSAGE][INFO] - User set preference: ['property', '"C:\Program Files\Google\Chrome\Application\chrome.exe"']

2020-10-13 14:04:05 - [MESSAGE][INFO] - Action delay is set to 0 milliseconds

2020-10-13 14:04:08 - [MESSAGE][PASSED] - Browser is opened with url: ''

2020-10-13 14:04:08 - [TEST_STEP][PASSED] - navigateToUrl("https://katalon-demo-cura.herokuapp.com/profile.php#login"): Navigate to 'https://katalon-demo-cura.herokuapp.com/profile.php#login' successfully

2020-10-13 14:04:11 - [MESSAGE][PASSED] - Navigate to 'https://katalon-demo-cura.herokuapp.com/profile.php#login' successfully

2020-10-13 14:04:11 - [TEST_STEP][PASSED] - click(findTestObject("Object Repository/Page_CURA Healthcare Service/button_Login")): Object: 'Object Repository/Page_CURA Healthcare Service/button_Login' is clicked on

2020-10-13 14:04:12 - [MESSAGE][PASSED] - Object: 'Object Repository/Page_CURA Healthcare Service/button_Login' is clicked on

2020-10-13 14:04:12 - [TEST_STEP][PASSED] - verifyTextPresent("Login failed! Please ensure the username and password are valid.", false): Text 'Login failed! Please ensure the username and password are valid.' is present on page 

2020-10-13 14:04:13 - [MESSAGE][PASSED] - Text 'Login failed! Please ensure the username and password are valid.' is present on page 

2020-10-13 14:04:13 - [TEST_STEP][PASSED] - closeBrowser(): Browser is closed

2020-10-13 14:04:14 - [MESSAGE][PASSED] - Browser is closed]]></system-out>
         <system-err><![CDATA[]]></system-err>
      </testcase>
      <system-out><![CDATA[2020-10-13 14:03:19 - [TEST_SUITE][PASSED] - TS: Test Cases/TC5]]></system-out>
      <system-err><![CDATA[]]></system-err>
   </testsuite>
</testsuites>
